/*--------------------------------------------------------------*
 * Compilé avec C6809 v0.83                                     *
 *--------------------------------------------------------------*
 * Fichier source      : ../def1bit.ass
 * Fichier destination : DEF1BIT.BIN
 * Contenu :
 *     Main     0:DEF1BIT.ASM  8675
 *--------------------------------------------------------------*/

Macro Pass
Pass1
Pass2
      2                           ***************************************
      3                           * Defender of the 1 bit intro.
      4                           *
      5                           * A variaton of the party theme image
      6                           * is printed and the small music is
      7                           * played on the 1 bit buzzer.
      8                           *
      9                           * Press any key to reset the machine.
     10                           *
     11                           * Should work on all Thomson TO-series.
     12                           *
     13                           * Participation to Forever Party 2016.
     14                           *
     15                           * Author: S.Devulder
     16                           * Group:  PULS
     17                           * Web:    http://www.pulsdemos.com
     18                           * Date:   March 2016
     19                           ***************************************
     20        6E00                         org    $6E00
     21
     22                  E7              setdp  $E7    ; system regs
     23                            
     24  3     6E00 CE   6E7E     main   ldu    #regs  ; sets regs rapily
     25  5+3   6E03 37   0D              pulu   cc,b,dp
     26
     27  8     6E05 BD   E803     print  jsr    $E803  ; prints the screen
     28  4+2   6E08 E6   C0              ldb    ,u+    ; using teletel-mode>>
     29  3     6E0A 26   F9              bne    print  ; characters ; $6E05>>
     30
     31  4     6E0C 108E 7463     loop   ldy    #oscil
     32  4+0   6E10 32   A4              leas   ,y     ; fake stack-ptr (sc>>
     33  8     6E12 BD   E809            jsr    $E809  ; key-press?
     34  3     6E15 24   01              bcc    newPat ; $6E18
     35                           *       jmp    [$FFFE] ; yes=>reset
     36        6E17 3E                   fcb    $3E
     37  3     6E18 8E   746F     newPat ldx    #zik   ; new pattern
     38  4     6E1B 8C   7A7B            cmpx   #zend  ; loop ?
     39  3     6E1E 26   03              bne    lp0 ; $6E23
     40  3     6E20 8E   746F            ldx    #zik   ; loop
     41                            
     42  5+3   6E23 EC   81       lp0    ldd    ,x++   ; setup channels.
     43  5+0   6E25 ED   A4              std    ,y     ; (channel 1)
     44  3     6E27 26   02              bne    *+4    ; The code is sub- ;>>
     45  5+1   6E29 ED   22              std    2,y    ; optimal to allow
     46  4+1   6E2B 31   24              leay   4,y    ; better compress.
     47
     48  5+3   6E2D EC   81              ldd    ,x++   ; (channel 2)
     49  5+0   6E2F ED   A4              std    ,y
     50  3     6E31 26   02              bne    *+4    ; --+ ; $6E35
     51  5+1   6E33 ED   22              std    2,y    ;   |
     52  4+1   6E35 31   24              leay   4,y    ; <-+
     53
     54  5+3   6E37 EC   81              ldd    ,x++   ; (channel 3)
     55  5+0   6E39 ED   A4              std    ,y
     56  3     6E3B 26   02              bne    *+4 ; $6E3F
     57  5+1   6E3D ED   22              std    2,y
     58  4+1   6E3F 31   24              leay   4,y
     59
     60  6     6E41 BF   6E19            stx    newPat+1 ; for next ptrn
     61
     62  5     6E44 DC   C0                 ldd    <$E7C0 ; setup buzzer
     63                           *      orb    #8
     64  6     6E46 1F   04              tfr    d,s    ; s=buzzer 1
     65  2     6E48 C8   08              eorb   #8
     66  6     6E4A 1F   03              tfr    d,u    ; u=buzzer
     67                            
     68  3     6E4C 8E   0940            ldx    #$940  ; tempo
     69
     70        6E4F               playChannels
     71  5+3   6E4F EC   A3              ldd    ,--y   ; 8 (play channel 1)>>
     72  6+3   6E51 E3   A3              addd   ,--y   ; 9
     73  5+1   6E53 ED   22              std    2,y    ; 6
     74  2     6E55 81   80              cmpa   #$80   ; 2
     75  3     6E57 25   01              blo    *+3    ; 3 STU/STS dependin>>
     76        6E59 10                   fcb    $10    ; 1 on comparison
     77  5     6E5A DF   C0              stu    <$E7C0 ; 5 => 8+9+6+2+3+6
     78
     79  5+3   6E5C EC   A3              ldd    ,--y   ; (play channel 2)
     80  6+3   6E5E E3   A3              addd   ,--y
     81  5+1   6E60 ED   22              std    2,y
     82  2     6E62 81   80              cmpa   #$80
     83  3     6E64 25   01              blo    *+3    ; --+ ; $6E67
     84        6E66 10                   fcb    $10    ;   |
     85  5     6E67 DF   C0              stu    <$E7C0 ; <-+
     86
     87  5+3   6E69 EC   A3              ldd    ,--y   ; (play channel 3)
     88  6+3   6E6B E3   A3              addd   ,--y
     89  5+1   6E6D ED   22              std    2,y
     90  2     6E6F 81   80              cmpa   #$80
     91  3     6E71 25   01              blo    *+3 ; $6E74
     92        6E73 10                   fcb    $10
     93  5     6E74 DF   C0              stu    <$E7C0
     94
     95  4+1   6E76 31   2C              leay   4*3,y  ; 5 restore y
     96
     97  4+1   6E78 30   1F              leax   -1,x   ; 5
     98  3     6E7A 26   D3              bne    playChannels ; 3 ==> 115 ; >>
     99  3     6E7C 20   8E              bra    loop ; $6E0C
    100                            
    101                           * cc a b dp x y s pc
    102        6E7E 50            regs   fcb    $50    ; cc
    103        6E7F 1E                   fcb    $1E    ; b=HOME
    104        6E80 E7                   fcb    $E7    ; dp
    105                            
    106                           * screen
    107        6E81 1F 6B         txt    fcb    $1F,$6B ; no scroll
    108        6E83 14                   fcb    20      ; cursor off
    109        6E84 0E                   fcb    $0E     ; teletel-mode
    110        6E85                      incdat def1bit.tel
    111                           *      fcb     0
    112
    113        7463               oscil
    114                           *    rmb 3*4
    115        7463 0000 0000      fdb $0000,$0000,$0000
               7467 0000
    116        7469 0000 0000      fdb $0000,$0000,$0000
               746D 0000
    117                            
    118                           * Defender of the Crown Theme
    119        746F               zik
    120        746F 0000 0000      fdb $0000,$0000,$0000
               7473 0000
    121        7475 01E9 0000      fdb $01e9,$0000,$0000
               7479 0000
    122        747B 02DB 0000      fdb $02db,$0000,$0000
               747F 0000
    123        7481 044C 0000      fdb $044c,$0000,$0000
               7485 0000
    124        7487 044C 0000      fdb $044c,$0000,$0000 ;
               748B 0000
    125        748D 0000 0000      fdb $0000,$0000,$0000
               7491 0000
    126        7493 01E9 0000      fdb $01e9,$0000,$0000
               7497 0000
    127        7499 02DB 0000      fdb $02db,$0000,$0000
               749D 0000
    128        749F 044C 0000      fdb $044c,$0000,$0000
               74A3 0000
    129        74A5 01E9 0000      fdb $01e9,$0000,$0000
               74A9 0000
    130        74AB 02DB 0000      fdb $02db,$0000,$0000
               74AF 0000
    131        74B1 044C 0000      fdb $044c,$0000,$0000
               74B5 0000
    132        74B7 01E9 0000      fdb $01e9,$0000,$0000
               74BB 0000
    133        74BD 02DB 0000      fdb $02db,$0000,$0000
               74C1 0000
    134        74C3 044C 0000      fdb $044c,$0000,$0000
               74C7 0000
    135        74C9 01E9 0000      fdb $01e9,$0000,$0000
               74CD 0000
    136        74CF 02DB 0000      fdb $02db,$0000,$0000
               74D3 0000
    137        74D5 0244 0000      fdb $0244,$0000,$0000
               74D9 0000
    138        74DB 036A 0000      fdb $036a,$0000,$0000
               74DF 0000
    139        74E1 051F 0000      fdb $051f,$0000,$0000
               74E5 0000
    140        74E7 051F 0000      fdb $051f,$0000,$0000 ;
               74EB 0000
    141        74ED 0000 0000      fdb $0000,$0000,$0000
               74F1 0000
    142        74F3 0244 0000      fdb $0244,$0000,$0000
               74F7 0000
    143        74F9 036A 0000      fdb $036a,$0000,$0000
               74FD 0000
    144        74FF 051F 0000      fdb $051f,$0000,$0000
               7503 0000
    145        7505 028F 0000      fdb $028f,$0000,$0000
               7509 0000
    146        750B 03D3 0000      fdb $03d3,$0000,$0000
               750F 0000
    147        7511 05BD 0000      fdb $05bd,$0000,$0000
               7515 0000
    148        7517 0244 0000      fdb $0244,$0000,$0000
               751B 0000
    149        751D 036A 0000      fdb $036a,$0000,$0000
               7521 0000
    150        7523 051F 0000      fdb $051f,$0000,$0000
               7527 0000
    151        7529 036A 0000      fdb $036a,$0000,$0000
               752D 0000
    152        752F 0244 0000      fdb $0244,$0000,$0000
               7533 0000
    153        7535 01E9 0000      fdb $01e9,$0000,$0000
               7539 0000
    154        753B 02DB 0000      fdb $02db,$0000,$0000
               753F 0000
    155        7541 044C 0000      fdb $044c,$0000,$0000
               7545 0000
    156        7547 044C 0000      fdb $044c,$0000,$0000 ;
               754B 0000
    157        754D 0000 0000      fdb $0000,$0000,$0000
               7551 0000
    158        7553 01E9 0000      fdb $01e9,$0000,$0000
               7557 0000
    159        7559 02DB 0000      fdb $02db,$0000,$0000
               755D 0000
    160        755F 044C 0000      fdb $044c,$0000,$0000
               7563 0000
    161        7565 01E9 0000      fdb $01e9,$0000,$0000
               7569 0000
    162        756B 02DB 0000      fdb $02db,$0000,$0000
               756F 0000
    163        7571 044C 0000      fdb $044c,$0000,$0000
               7575 0000
    164        7577 01E9 0000      fdb $01e9,$0000,$0000
               757B 0000
    165        757D 02DB 0000      fdb $02db,$0000,$0000
               7581 0000
    166        7583 044C 0000      fdb $044c,$0000,$0000
               7587 0000
    167        7589 01E9 0000      fdb $01e9,$0000,$0000
               758D 0000
    168        758F 02DB 0000      fdb $02db,$0000,$0000
               7593 0000
    169        7595 01B5 0000      fdb $01b5,$0000,$0000
               7599 0000
    170        759B 028F 0000      fdb $028f,$0000,$0000
               759F 0000
    171        75A1 03D3 0000      fdb $03d3,$0000,$0000
               75A5 0000
    172        75A7 03D3 0000      fdb $03d3,$0000,$0000 ;
               75AB 0000
    173        75AD 0000 0000      fdb $0000,$0000,$0000
               75B1 0000
    174        75B3 01B5 0000      fdb $01b5,$0000,$0000
               75B7 0000
    175        75B9 028F 0000      fdb $028f,$0000,$0000
               75BD 0000
    176        75BF 03D3 0000      fdb $03d3,$0000,$0000
               75C3 0000
    177        75C5 0308 0000      fdb $0308,$0000,$0000
               75C9 0000
    178        75CB 0244 0000      fdb $0244,$0000,$0000
               75CF 0000
    179        75D1 036A 0000      fdb $036a,$0000,$0000
               75D5 0000
    180        75D7 01B5 0000      fdb $01b5,$0000,$0000
               75DB 0000
    181        75DD 028F 0000      fdb $028f,$0000,$0000
               75E1 0000
    182        75E3 03D3 0000      fdb $03d3,$0000,$0000
               75E7 0000
    183        75E9 0308 0000      fdb $0308,$0000,$0000
               75ED 0000
    184        75EF 051F 0000      fdb $051f,$0000,$0000
               75F3 0000
    185        75F5 01E9 0000      fdb $01e9,$0000,$0000
               75F9 0000
    186        75FB 02DB 0000      fdb $02db,$0000,$0000
               75FF 0000
    187        7601 1148 08A0      fdb $1148,$08a0,$044c
               7605 044C
    188        7607 0F65 07AF      fdb $0f65,$07af,$044c
               760B 044C
    189        760D 1148 08A0      fdb $1148,$08a0,$0000
               7611 0000
    190        7613 0F65 07AF      fdb $0f65,$07af,$01e9
               7617 01E9
    191        7619 0F65 07AF      fdb $0f65,$07af,$02db
               761D 02DB
    192        761F 1148 08A0      fdb $1148,$08a0,$044c
               7623 044C
    193        7625 1148 08A0      fdb $1148,$08a0,$01e9
               7629 01E9
    194        762B 0F65 07AF      fdb $0f65,$07af,$02db
               762F 02DB
    195        7631 0F65 07AF      fdb $0f65,$07af,$044c
               7635 044C
    196        7637 1148 08A0      fdb $1148,$08a0,$01e9
               763B 01E9
    197        763D 1148 08A0      fdb $1148,$08a0,$02db
               7641 02DB
    198        7643 0F65 07AF      fdb $0f65,$07af,$044c
               7647 044C
    199        7649 0F65 07AF      fdb $0f65,$07af,$01e9
               764D 01E9
    200        764F 02DB 0000      fdb $02db,$0000,$0000
               7653 0000
    201        7655 0244 0000      fdb $0244,$0000,$0000
               7659 0000
    202        765B 036A 0000      fdb $036a,$0000,$0000
               765F 0000
    203        7661 148C 0A46      fdb $148c,$0a46,$051f
               7665 051F
    204        7667 186F 0C37      fdb $186f,$0c37,$051f
               766B 051F
    205        766D 148C 0A46      fdb $148c,$0a46,$0000
               7671 0000
    206        7673 186F 0C37      fdb $186f,$0c37,$0244
               7677 0244
    207        7679 186F 0C37      fdb $186f,$0c37,$036a
               767D 036A
    208        767F 170D 0B82      fdb $170d,$0b82,$051f
               7683 051F
    209        7685 170D 0B82      fdb $170d,$0b82,$028f
               7689 028F
    210        768B 148C 0A46      fdb $148c,$0a46,$03d3
               768F 03D3
    211        7691 124F 0927      fdb $124f,$0927,$05bd
               7695 05BD
    212        7697 170D 0B82      fdb $170d,$0b82,$0244
               769B 0244
    213        769D 148C 0A46      fdb $148c,$0a46,$036a
               76A1 036A
    214        76A3 124F 0927      fdb $124f,$0927,$051f
               76A7 051F
    215        76A9 170D 0B82      fdb $170d,$0b82,$036a
               76AD 036A
    216        76AF 148C 0A46      fdb $148c,$0a46,$0244
               76B3 0244
    217        76B5 148C 0A46      fdb $148c,$0a46,$01e9
               76B9 01E9
    218        76BB 02DB 0000      fdb $02db,$0000,$0000
               76BF 0000
    219        76C1 1148 08A0      fdb $1148,$08a0,$044c
               76C5 044C
    220        76C7 0F65 07AF      fdb $0f65,$07af,$044c
               76CB 044C
    221        76CD 1148 08A0      fdb $1148,$08a0,$0000
               76D1 0000
    222        76D3 0F65 07AF      fdb $0f65,$07af,$01e9
               76D7 01E9
    223        76D9 0F65 07AF      fdb $0f65,$07af,$02db
               76DD 02DB
    224        76DF 1148 08A0      fdb $1148,$08a0,$044c
               76E3 044C
    225        76E5 1148 08A0      fdb $1148,$08a0,$01e9
               76E9 01E9
    226        76EB 0F65 07AF      fdb $0f65,$07af,$02db
               76EF 02DB
    227        76F1 0F65 07AF      fdb $0f65,$07af,$044c
               76F5 044C
    228        76F7 1148 08A0      fdb $1148,$08a0,$01e9
               76FB 01E9
    229        76FD 1148 08A0      fdb $1148,$08a0,$02db
               7701 02DB
    230        7703 0F65 07AF      fdb $0f65,$07af,$044c
               7707 044C
    231        7709 0DB8 06DC      fdb $0db8,$06dc,$01e9
               770D 01E9
    232        770F 0C37 0618      fdb $0c37,$0618,$02db
               7713 02DB
    233        7715 0DB8 06DC      fdb $0db8,$06dc,$01b5
               7719 01B5
    234        771B 186F 0C37      fdb $186f,$0c37,$028f
               771F 028F
    235        7721 186F 0C37      fdb $186f,$0c37,$03d3
               7725 03D3
    236        7727 0DB8 06DC      fdb $0db8,$06dc,$03d3
               772B 03D3
    237        772D 0C37 0618      fdb $0c37,$0618,$0000
               7731 0000
    238        7733 186F 0C37      fdb $186f,$0c37,$01b5
               7737 01B5
    239        7739 186F 0C37      fdb $186f,$0c37,$028f
               773D 028F
    240        773F 03D3 0000      fdb $03d3,$0000,$0000
               7743 0000
    241        7745 0C37 0618      fdb $0c37,$0618,$0308
               7749 0308
    242        774B 0DB8 06DC      fdb $0db8,$06dc,$0244
               774F 0244
    243        7751 0F65 07AF      fdb $0f65,$07af,$036a
               7755 036A
    244        7757 1148 08A0      fdb $1148,$08a0,$01b5
               775B 01B5
    245        775D 028F 0000      fdb $028f,$0000,$0000
               7761 0000
    246        7763 124F 0927      fdb $124f,$0927,$03d3
               7767 03D3
    247        7769 148C 0A46      fdb $148c,$0a46,$0308
               776D 0308
    248        776F 124F 0927      fdb $124f,$0927,$051f
               7773 051F
    249        7775 01E9 0000      fdb $01e9,$0000,$0000
               7779 0000
    250        777B 02DB 0000      fdb $02db,$0000,$0000
               777F 0000
    251        7781 1148 08A0      fdb $1148,$08a0,$044c
               7785 044C
    252        7787 0F65 07AF      fdb $0f65,$07af,$044c
               778B 044C
    253        778D 1148 08A0      fdb $1148,$08a0,$0000
               7791 0000
    254        7793 0F65 07AF      fdb $0f65,$07af,$01e9
               7797 01E9
    255        7799 0F65 07AF      fdb $0f65,$07af,$02db
               779D 02DB
    256        779F 1148 08A0      fdb $1148,$08a0,$044c
               77A3 044C
    257        77A5 1148 08A0      fdb $1148,$08a0,$01e9
               77A9 01E9
    258        77AB 0F65 07AF      fdb $0f65,$07af,$02db
               77AF 02DB
    259        77B1 0F65 07AF      fdb $0f65,$07af,$044c
               77B5 044C
    260        77B7 1148 08A0      fdb $1148,$08a0,$01e9
               77BB 01E9
    261        77BD 1148 08A0      fdb $1148,$08a0,$02db
               77C1 02DB
    262        77C3 0F65 07AF      fdb $0f65,$07af,$044c
               77C7 044C
    263        77C9 0F65 07AF      fdb $0f65,$07af,$01e9
               77CD 01E9
    264        77CF 02DB 0000      fdb $02db,$0000,$0000
               77D3 0000
    265        77D5 0244 0000      fdb $0244,$0000,$0000
               77D9 0000
    266        77DB 036A 0000      fdb $036a,$0000,$0000
               77DF 0000
    267        77E1 148C 0A46      fdb $148c,$0a46,$051f
               77E5 051F
    268        77E7 186F 0C37      fdb $186f,$0c37,$051f
               77EB 051F
    269        77ED 148C 0A46      fdb $148c,$0a46,$0000
               77F1 0000
    270        77F3 186F 0C37      fdb $186f,$0c37,$0244
               77F7 0244
    271        77F9 186F 0C37      fdb $186f,$0c37,$036a
               77FD 036A
    272        77FF 170D 0B82      fdb $170d,$0b82,$051f
               7803 051F
    273        7805 170D 0B82      fdb $170d,$0b82,$028f
               7809 028F
    274        780B 148C 0A46      fdb $148c,$0a46,$03d3
               780F 03D3
    275        7811 124F 0927      fdb $124f,$0927,$05bd
               7815 05BD
    276        7817 170D 0B82      fdb $170d,$0b82,$0244
               781B 0244
    277        781D 148C 0A46      fdb $148c,$0a46,$036a
               7821 036A
    278        7823 124F 0927      fdb $124f,$0927,$051f
               7827 051F
    279        7829 170D 0B82      fdb $170d,$0b82,$036a
               782D 036A
    280        782F 148C 0A46      fdb $148c,$0a46,$0244
               7833 0244
    281        7835 148C 0A46      fdb $148c,$0a46,$01e9
               7839 01E9
    282        783B 02DB 0000      fdb $02db,$0000,$0000
               783F 0000
    283        7841 1148 08A0      fdb $1148,$08a0,$044c
               7845 044C
    284        7847 0F65 07AF      fdb $0f65,$07af,$044c
               784B 044C
    285        784D 1148 08A0      fdb $1148,$08a0,$0000
               7851 0000
    286        7853 0F65 07AF      fdb $0f65,$07af,$01e9
               7857 01E9
    287        7859 0F65 07AF      fdb $0f65,$07af,$02db
               785D 02DB
    288        785F 1148 08A0      fdb $1148,$08a0,$044c
               7863 044C
    289        7865 1148 08A0      fdb $1148,$08a0,$01e9
               7869 01E9
    290        786B 0F65 07AF      fdb $0f65,$07af,$02db
               786F 02DB
    291        7871 0F65 07AF      fdb $0f65,$07af,$044c
               7875 044C
    292        7877 1148 08A0      fdb $1148,$08a0,$01e9
               787B 01E9
    293        787D 1148 08A0      fdb $1148,$08a0,$02db
               7881 02DB
    294        7883 0F65 07AF      fdb $0f65,$07af,$044c
               7887 044C
    295        7889 0DB8 06DC      fdb $0db8,$06dc,$01e9
               788D 01E9
    296        788F 0C37 0618      fdb $0c37,$0618,$02db
               7893 02DB
    297        7895 0DB8 06DC      fdb $0db8,$06dc,$01b5
               7899 01B5
    298        789B 186F 0C37      fdb $186f,$0c37,$028f
               789F 028F
    299        78A1 186F 0C37      fdb $186f,$0c37,$03d3
               78A5 03D3
    300        78A7 0DB8 06DC      fdb $0db8,$06dc,$03d3
               78AB 03D3
    301        78AD 0C37 0618      fdb $0c37,$0618,$0000
               78B1 0000
    302        78B3 186F 0C37      fdb $186f,$0c37,$01b5
               78B7 01B5
    303        78B9 186F 0C37      fdb $186f,$0c37,$028f
               78BD 028F
    304        78BF 03D3 0000      fdb $03d3,$0000,$0000
               78C3 0000
    305        78C5 0C37 0618      fdb $0c37,$0618,$0308
               78C9 0308
    306        78CB 0DB8 06DC      fdb $0db8,$06dc,$0244
               78CF 0244
    307        78D1 0F65 07AF      fdb $0f65,$07af,$036a
               78D5 036A
    308        78D7 1148 08A0      fdb $1148,$08a0,$01b5
               78DB 01B5
    309        78DD 028F 0000      fdb $028f,$0000,$0000
               78E1 0000
    310        78E3 124F 0927      fdb $124f,$0927,$03d3
               78E7 03D3
    311        78E9 148C 0A46      fdb $148c,$0a46,$0308
               78ED 0308
    312        78EF 124F 0927      fdb $124f,$0927,$051f
               78F3 051F
    313        78F5 01E9 0000      fdb $01e9,$0000,$0000
               78F9 0000
    314        78FB 02DB 0000      fdb $02db,$0000,$0000
               78FF 0000
    315        7901 044C 0000      fdb $044c,$0000,$0000
               7905 0000
    316        7907 044C 0000      fdb $044c,$0000,$0000 ;
               790B 0000
    317        790D 0000 0000      fdb $0000,$0000,$0000
               7911 0000
    318        7913 01E9 0000      fdb $01e9,$0000,$0000
               7917 0000
    319        7919 02DB 0000      fdb $02db,$0000,$0000
               791D 0000
    320        791F 044C 0000      fdb $044c,$0000,$0000
               7923 0000
    321        7925 01E9 0000      fdb $01e9,$0000,$0000
               7929 0000
    322        792B 02DB 0000      fdb $02db,$0000,$0000
               792F 0000
    323        7931 044C 0000      fdb $044c,$0000,$0000
               7935 0000
    324        7937 01E9 0000      fdb $01e9,$0000,$0000
               793B 0000
    325        793D 02DB 0000      fdb $02db,$0000,$0000
               7941 0000
    326        7943 044C 0000      fdb $044c,$0000,$0000
               7947 0000
    327        7949 01E9 0000      fdb $01e9,$0000,$0000
               794D 0000
    328        794F 02DB 0000      fdb $02db,$0000,$0000
               7953 0000
    329        7955 0244 0000      fdb $0244,$0000,$0000
               7959 0000
    330        795B 036A 0000      fdb $036a,$0000,$0000
               795F 0000
    331        7961 051F 0000      fdb $051f,$0000,$0000
               7965 0000
    332        7967 051F 0000      fdb $051f,$0000,$0000 ;
               796B 0000
    333        796D 0000 0000      fdb $0000,$0000,$0000
               7971 0000
    334        7973 0244 0000      fdb $0244,$0000,$0000
               7977 0000
    335        7979 036A 0000      fdb $036a,$0000,$0000
               797D 0000
    336        797F 051F 0000      fdb $051f,$0000,$0000
               7983 0000
    337        7985 028F 0000      fdb $028f,$0000,$0000
               7989 0000
    338        798B 03D3 0000      fdb $03d3,$0000,$0000
               798F 0000
    339        7991 05BD 0000      fdb $05bd,$0000,$0000
               7995 0000
    340        7997 0244 0000      fdb $0244,$0000,$0000
               799B 0000
    341        799D 036A 0000      fdb $036a,$0000,$0000
               79A1 0000
    342        79A3 051F 0000      fdb $051f,$0000,$0000
               79A7 0000
    343        79A9 036A 0000      fdb $036a,$0000,$0000
               79AD 0000
    344        79AF 0244 0000      fdb $0244,$0000,$0000
               79B3 0000
    345        79B5 01E9 0000      fdb $01e9,$0000,$0000
               79B9 0000
    346        79BB 02DB 0000      fdb $02db,$0000,$0000
               79BF 0000
    347        79C1 044C 0000      fdb $044c,$0000,$0000
               79C5 0000
    348        79C7 044C 0000      fdb $044c,$0000,$0000 ;
               79CB 0000
    349        79CD 0000 0000      fdb $0000,$0000,$0000
               79D1 0000
    350        79D3 01E9 0000      fdb $01e9,$0000,$0000
               79D7 0000
    351        79D9 02DB 0000      fdb $02db,$0000,$0000
               79DD 0000
    352        79DF 044C 0000      fdb $044c,$0000,$0000
               79E3 0000
    353        79E5 01E9 0000      fdb $01e9,$0000,$0000
               79E9 0000
    354        79EB 02DB 0000      fdb $02db,$0000,$0000
               79EF 0000
    355        79F1 044C 0000      fdb $044c,$0000,$0000
               79F5 0000
    356        79F7 01E9 0000      fdb $01e9,$0000,$0000
               79FB 0000
    357        79FD 02DB 0000      fdb $02db,$0000,$0000
               7A01 0000
    358        7A03 044C 0000      fdb $044c,$0000,$0000
               7A07 0000
    359        7A09 01E9 0000      fdb $01e9,$0000,$0000
               7A0D 0000
    360        7A0F 02DB 0000      fdb $02db,$0000,$0000
               7A13 0000
    361        7A15 01B5 0000      fdb $01b5,$0000,$0000
               7A19 0000
    362        7A1B 028F 0000      fdb $028f,$0000,$0000
               7A1F 0000
    363        7A21 03D3 0000      fdb $03d3,$0000,$0000
               7A25 0000
    364        7A27 03D3 0000      fdb $03d3,$0000,$0000 ;
               7A2B 0000
    365        7A2D 0000 0000      fdb $0000,$0000,$0000
               7A31 0000
    366        7A33 01B5 0000      fdb $01b5,$0000,$0000
               7A37 0000
    367        7A39 028F 0000      fdb $028f,$0000,$0000
               7A3D 0000
    368        7A3F 03D3 0000      fdb $03d3,$0000,$0000
               7A43 0000
    369        7A45 0308 0000      fdb $0308,$0000,$0000
               7A49 0000
    370        7A4B 0244 0000      fdb $0244,$0000,$0000
               7A4F 0000
    371        7A51 036A 0000      fdb $036a,$0000,$0000
               7A55 0000
    372        7A57 01B5 0000      fdb $01b5,$0000,$0000
               7A5B 0000
    373        7A5D 028F 0000      fdb $028f,$0000,$0000
               7A61 0000
    374        7A63 03D3 0000      fdb $03d3,$0000,$0000
               7A67 0000
    375        7A69 0308 0000      fdb $0308,$0000,$0000
               7A6D 0000
    376        7A6F 051F 0000      fdb $051f,$0000,$0000
               7A73 0000
    377        7A75 0000 0000      fdb $0000,$0000,$0000
               7A79 0000
    378        7A7B               zend
    379
    380                  6E00             end main

000000 Total Errors

000011 Total Symbols
     1x          Label 6E0C loop
     1x          Label 6E23 lp0
     1x          Label 6E00 main
     2x          Label 6E18 newPat
     1x          Label 7463 oscil
     1x          Label 6E4F playChannels
     1x          Label 6E05 print
     1x          Label 6E7E regs
     0x          Label 6E81 txt
     1x          Label 7A7B zend
     2x          Label 746F zik

